<?xml version="1.0" encoding="UTF-8"?>
<!-- Generated by org.testng.reporters.JUnitReportReporter -->
<testsuite skipped="0" hostname="LAPTOP-ASHU60BH" name="com.salesforce.framework.Testcases.SalesforceLoginTest" tests="1" failures="0" timestamp="2022-04-13T13:25:27 IST" time="272.256" errors="0">
  <testcase name="launchSite" time="272.256" classname="com.salesforce.framework.Testcases.SalesforceLoginTest"/>
  <system-out/>
</testsuite> <!-- com.salesforce.framework.Testcases.SalesforceLoginTest -->
