<?xml version="1.0" encoding="UTF-8"?>
<!-- Generated by org.testng.reporters.JUnitReportReporter -->
<testsuite skipped="0" hostname="LAPTOP-ASHU60BH" name="com.salesforce.framework.Testcases.MagentoAdminPOC_Test" tests="1" failures="0" timestamp="2022-04-18T20:09:02 IST" time="91.561" errors="0">
  <testcase name="BeneficiaryRegistrationMap" time="91.561" classname="com.salesforce.framework.Testcases.MagentoAdminPOC_Test"/>
  <system-out/>
</testsuite> <!-- com.salesforce.framework.Testcases.MagentoAdminPOC_Test -->
