<?xml version="1.0" encoding="UTF-8"?>
<!-- Generated by org.testng.reporters.JUnitReportReporter -->
<testsuite skipped="0" hostname="LAPTOP-ASHU60BH" name="com.salesforce.framework.Testcases.JDE_POC_Test" tests="1" failures="0" timestamp="2022-04-21T21:15:10 IST" time="173.130" errors="0">
  <testcase name="BeneficiaryRegistrationMap" time="173.130" classname="com.salesforce.framework.Testcases.JDE_POC_Test"/>
  <system-out/>
</testsuite> <!-- com.salesforce.framework.Testcases.JDE_POC_Test -->
