<?xml version="1.0" encoding="UTF-8"?>
<!-- Generated by org.testng.reporters.JUnitReportReporter -->
<testsuite skipped="0" hostname="LAPTOP-ASHU60BH" name="com.salesforce.framework.Testcases.SalesforcePOC_Test" tests="1" failures="0" timestamp="2022-04-13T13:33:48 IST" time="257.781" errors="0">
  <testcase name="launchSite" time="257.781" classname="com.salesforce.framework.Testcases.SalesforcePOC_Test"/>
  <system-out/>
</testsuite> <!-- com.salesforce.framework.Testcases.SalesforcePOC_Test -->
