<?xml version="1.0" encoding="UTF-8"?>
<!-- Generated by org.testng.reporters.JUnitReportReporter -->
<testsuite skipped="0" hostname="LAPTOP-ASHU60BH" name="com.salesforce.framework.Testcases.AccountInformationTest" tests="1" failures="0" timestamp="2022-04-11T00:01:15 IST" time="78.157" errors="0">
  <testcase name="launchSite" time="78.157" classname="com.salesforce.framework.Testcases.AccountInformationTest"/>
  <system-out/>
</testsuite> <!-- com.salesforce.framework.Testcases.AccountInformationTest -->
