<?xml version="1.0" encoding="UTF-8"?>
<!-- Generated by org.testng.reporters.JUnitReportReporter -->
<testsuite skipped="0" hostname="LAPTOP-ASHU60BH" name="com.salesforce.framework.Testcases.AuthLoginCode" tests="1" failures="0" timestamp="2022-04-04T22:44:49 IST" time="7.742" errors="0">
  <testcase name="login2" time="7.742" classname="com.salesforce.framework.Testcases.AuthLoginCode"/>
  <system-out/>
</testsuite> <!-- com.salesforce.framework.Testcases.AuthLoginCode -->
