<?xml version="1.0" encoding="UTF-8"?>
<!-- Generated by org.testng.reporters.JUnitReportReporter -->
<testsuite skipped="0" hostname="LAPTOP-ASHU60BH" name="com.salesforce.framework.Testcases.BeneficiaryRegistrationPageTest" tests="1" failures="0" timestamp="2022-03-31T10:45:42 IST" time="32.534" errors="0">
  <testcase name="launchSite" time="32.534" classname="com.salesforce.framework.Testcases.BeneficiaryRegistrationPageTest"/>
  <system-out/>
</testsuite> <!-- com.salesforce.framework.Testcases.BeneficiaryRegistrationPageTest -->
