<?xml version="1.0" encoding="UTF-8"?>
<!-- Generated by org.testng.reporters.JUnitReportReporter -->
<testsuite skipped="0" hostname="LAPTOP-ASHU60BH" name="com.salesforce.framework.Testcases.SalesforcePOC_Test" tests="1" failures="0" timestamp="2022-04-21T21:04:58 IST" time="289.188" errors="0">
  <testcase name="launchSite" time="289.188" classname="com.salesforce.framework.Testcases.SalesforcePOC_Test"/>
  <system-out/>
</testsuite> <!-- com.salesforce.framework.Testcases.SalesforcePOC_Test -->
